<?xml version="1.0" encoding="UTF-8"?>
<testng-results skipped="1" failed="0" total="1" passed="0">
  <reporter-output>
  </reporter-output>
  <suite name="Suite" duration-ms="106256" started-at="2019-04-02T10:21:53Z" finished-at="2019-04-02T10:23:40Z">
    <groups>
    </groups>
    <test name="Test" duration-ms="106256" started-at="2019-04-02T10:21:53Z" finished-at="2019-04-02T10:23:40Z">
      <class name="TestPurpose.NewTest">
        <test-method status="FAIL" signature="beforeTest()[pri:0, instance:TestPurpose.NewTest@c038203]" name="beforeTest" is-config="true" duration-ms="0" started-at="2019-04-02T15:51:53Z" finished-at="2019-04-02T15:51:53Z">
          <exception class="org.openqa.selenium.WebDriverException">
            <message>
              <![CDATA[Failed to connect to binary FirefoxBinary(C:\Program Files (x86)\Mozilla Firefox\firefox.exe) on port 7055; process output follows: 
i	DEBUG	Registering manifest for C:\Program Files (x86)\Mozilla Firefox\browser\features\e10srollout@mozilla.org.xpi
1554200571562	addons.xpi	DEBUG	Loading bootstrap scope from C:\Program Files (x86)\Mozilla Firefox\browser\features\e10srollout@mozilla.org.xpi
1554200571596	addons.xpi	DEBUG	Calling bootstrap method startup on e10srollout@mozilla.org version 1.0
1554200571596	addons.xpi	DEBUG	Registering manifest for C:\Program Files (x86)\Mozilla Firefox\browser\features\firefox@getpocket.com.xpi
1554200571599	addons.xpi	DEBUG	Loading bootstrap scope from C:\Program Files (x86)\Mozilla Firefox\browser\features\firefox@getpocket.com.xpi
1554200571605	addons.xpi	DEBUG	Calling bootstrap method startup on firefox@getpocket.com version 1.0
1554200571617	addons.xpi-utils	DEBUG	Starting async load of XPI database C:\Users\KBPRAS~1\AppData\Local\Temp\anonymous2231228554768699818webdriver-profile\extensions.json
1554200571619	addons.xpi	DEBUG	Registering manifest for C:\Program Files (x86)\Mozilla Firefox\browser\features\loop@mozilla.org.xpi
1554200571653	addons.xpi	DEBUG	Loading bootstrap scope from C:\Program Files (x86)\Mozilla Firefox\browser\features\loop@mozilla.org.xpi
1554200571657	addons.xpi	DEBUG	Calling bootstrap method startup on loop@mozilla.org version 1.2.6
1554200571675	addons.manager	DEBUG	Registering shutdown blocker for XPIProvider
1554200571676	addons.manager	DEBUG	Provider finished startup: XPIProvider
1554200571676	addons.manager	DEBUG	Starting provider: LightweightThemeManager
1554200571676	addons.manager	DEBUG	Registering shutdown blocker for LightweightThemeManager
1554200571676	addons.manager	DEBUG	Provider finished startup: LightweightThemeManager
1554200571677	addons.manager	DEBUG	Starting provider: GMPProvider
1554200571682	addons.manager	DEBUG	Registering shutdown blocker for GMPProvider
1554200571682	addons.manager	DEBUG	Provider finished startup: GMPProvider
1554200571682	addons.manager	DEBUG	Starting provider: PluginProvider
1554200571682	addons.manager	DEBUG	Registering shutdown blocker for PluginProvider
1554200571683	addons.manager	DEBUG	Provider finished startup: PluginProvider
1554200571683	addons.manager	DEBUG	Completed startup sequence
1554200572198	addons.xpi-utils	DEBUG	Async JSON file read took 0 MS
1554200572199	addons.xpi-utils	DEBUG	Finished async read of XPI database, parsing...
1554200572200	addons.xpi-utils	DEBUG	Successfully read XPI database
1554200572207	addons.manager	DEBUG	Starting provider: <unnamed-provider>
1554200572207	addons.manager	DEBUG	Registering shutdown blocker for <unnamed-provider>
1554200572207	addons.manager	DEBUG	Provider finished startup: <unnamed-provider>
*** Blocklist::_loadBlocklistFromFile: blocklist is disabled
1554200572362	addons.manager	DEBUG	Starting provider: PreviousExperimentProvider
1554200572362	addons.manager	DEBUG	Registering shutdown blocker for PreviousExperimentProvider
1554200572362	addons.manager	DEBUG	Provider finished startup: PreviousExperimentProvider
1554200606818	addons.xpi	DEBUG	Calling bootstrap method shutdown on e10srollout@mozilla.org version 1.0
1554200606820	addons.xpi	DEBUG	Calling bootstrap method shutdown on firefox@getpocket.com version 1.0
1554200606822	addons.xpi	DEBUG	Calling bootstrap method shutdown on loop@mozilla.org version 1.2.6
1554200609934	addons.manager	DEBUG	shutdown
1554200609935	addons.manager	DEBUG	Calling shutdown blocker for XPIProvider
1554200609935	addons.xpi	DEBUG	shutdown
1554200609935	addons.xpi-utils	DEBUG	shutdown
1554200609936	addons.manager	DEBUG	Calling shutdown blocker for LightweightThemeManager
1554200609936	addons.manager	DEBUG	Calling shutdown blocker for GMPProvider
1554200609937	addons.manager	DEBUG	Calling shutdown blocker for PluginProvider
1554200609937	addons.manager	DEBUG	Calling shutdown blocker for <unnamed-provider>
1554200609938	addons.manager	DEBUG	Calling shutdown blocker for PreviousExperimentProvider
1554200609940	addons.xpi	DEBUG	Notifying XPI shutdown observers
1554200609943	addons.manager	DEBUG	Async provider shutdown done

Build info: version: '2.45.0', revision: '5017cb8e7ca8e37638dc3091b2440b90a1d8686f', time: '2015-02-27 09:10:26'
System info: host: 'GDRC5011', ip: '10.8.12.40', os.name: 'Windows 7', os.arch: 'amd64', os.version: '6.1', java.version: '1.8.0_141'
Driver info: driver.version: FirefoxDriver]]>
            </message>
            <full-stacktrace>
              <![CDATA[org.openqa.selenium.WebDriverException: Failed to connect to binary FirefoxBinary(C:\Program Files (x86)\Mozilla Firefox\firefox.exe) on port 7055; process output follows: 
i	DEBUG	Registering manifest for C:\Program Files (x86)\Mozilla Firefox\browser\features\e10srollout@mozilla.org.xpi
1554200571562	addons.xpi	DEBUG	Loading bootstrap scope from C:\Program Files (x86)\Mozilla Firefox\browser\features\e10srollout@mozilla.org.xpi
1554200571596	addons.xpi	DEBUG	Calling bootstrap method startup on e10srollout@mozilla.org version 1.0
1554200571596	addons.xpi	DEBUG	Registering manifest for C:\Program Files (x86)\Mozilla Firefox\browser\features\firefox@getpocket.com.xpi
1554200571599	addons.xpi	DEBUG	Loading bootstrap scope from C:\Program Files (x86)\Mozilla Firefox\browser\features\firefox@getpocket.com.xpi
1554200571605	addons.xpi	DEBUG	Calling bootstrap method startup on firefox@getpocket.com version 1.0
1554200571617	addons.xpi-utils	DEBUG	Starting async load of XPI database C:\Users\KBPRAS~1\AppData\Local\Temp\anonymous2231228554768699818webdriver-profile\extensions.json
1554200571619	addons.xpi	DEBUG	Registering manifest for C:\Program Files (x86)\Mozilla Firefox\browser\features\loop@mozilla.org.xpi
1554200571653	addons.xpi	DEBUG	Loading bootstrap scope from C:\Program Files (x86)\Mozilla Firefox\browser\features\loop@mozilla.org.xpi
1554200571657	addons.xpi	DEBUG	Calling bootstrap method startup on loop@mozilla.org version 1.2.6
1554200571675	addons.manager	DEBUG	Registering shutdown blocker for XPIProvider
1554200571676	addons.manager	DEBUG	Provider finished startup: XPIProvider
1554200571676	addons.manager	DEBUG	Starting provider: LightweightThemeManager
1554200571676	addons.manager	DEBUG	Registering shutdown blocker for LightweightThemeManager
1554200571676	addons.manager	DEBUG	Provider finished startup: LightweightThemeManager
1554200571677	addons.manager	DEBUG	Starting provider: GMPProvider
1554200571682	addons.manager	DEBUG	Registering shutdown blocker for GMPProvider
1554200571682	addons.manager	DEBUG	Provider finished startup: GMPProvider
1554200571682	addons.manager	DEBUG	Starting provider: PluginProvider
1554200571682	addons.manager	DEBUG	Registering shutdown blocker for PluginProvider
1554200571683	addons.manager	DEBUG	Provider finished startup: PluginProvider
1554200571683	addons.manager	DEBUG	Completed startup sequence
1554200572198	addons.xpi-utils	DEBUG	Async JSON file read took 0 MS
1554200572199	addons.xpi-utils	DEBUG	Finished async read of XPI database, parsing...
1554200572200	addons.xpi-utils	DEBUG	Successfully read XPI database
1554200572207	addons.manager	DEBUG	Starting provider: <unnamed-provider>
1554200572207	addons.manager	DEBUG	Registering shutdown blocker for <unnamed-provider>
1554200572207	addons.manager	DEBUG	Provider finished startup: <unnamed-provider>
*** Blocklist::_loadBlocklistFromFile: blocklist is disabled
1554200572362	addons.manager	DEBUG	Starting provider: PreviousExperimentProvider
1554200572362	addons.manager	DEBUG	Registering shutdown blocker for PreviousExperimentProvider
1554200572362	addons.manager	DEBUG	Provider finished startup: PreviousExperimentProvider
1554200606818	addons.xpi	DEBUG	Calling bootstrap method shutdown on e10srollout@mozilla.org version 1.0
1554200606820	addons.xpi	DEBUG	Calling bootstrap method shutdown on firefox@getpocket.com version 1.0
1554200606822	addons.xpi	DEBUG	Calling bootstrap method shutdown on loop@mozilla.org version 1.2.6
1554200609934	addons.manager	DEBUG	shutdown
1554200609935	addons.manager	DEBUG	Calling shutdown blocker for XPIProvider
1554200609935	addons.xpi	DEBUG	shutdown
1554200609935	addons.xpi-utils	DEBUG	shutdown
1554200609936	addons.manager	DEBUG	Calling shutdown blocker for LightweightThemeManager
1554200609936	addons.manager	DEBUG	Calling shutdown blocker for GMPProvider
1554200609937	addons.manager	DEBUG	Calling shutdown blocker for PluginProvider
1554200609937	addons.manager	DEBUG	Calling shutdown blocker for <unnamed-provider>
1554200609938	addons.manager	DEBUG	Calling shutdown blocker for PreviousExperimentProvider
1554200609940	addons.xpi	DEBUG	Notifying XPI shutdown observers
1554200609943	addons.manager	DEBUG	Async provider shutdown done

Build info: version: '2.45.0', revision: '5017cb8e7ca8e37638dc3091b2440b90a1d8686f', time: '2015-02-27 09:10:26'
System info: host: 'GDRC5011', ip: '10.8.12.40', os.name: 'Windows 7', os.arch: 'amd64', os.version: '6.1', java.version: '1.8.0_141'
Driver info: driver.version: FirefoxDriver
	at org.openqa.selenium.firefox.internal.NewProfileExtensionConnection.start(NewProfileExtensionConnection.java:130)
	at org.openqa.selenium.firefox.FirefoxDriver.startClient(FirefoxDriver.java:246)
	at org.openqa.selenium.remote.RemoteWebDriver.<init>(RemoteWebDriver.java:114)
	at org.openqa.selenium.firefox.FirefoxDriver.<init>(FirefoxDriver.java:191)
	at org.openqa.selenium.firefox.FirefoxDriver.<init>(FirefoxDriver.java:186)
	at org.openqa.selenium.firefox.FirefoxDriver.<init>(FirefoxDriver.java:182)
	at org.openqa.selenium.firefox.FirefoxDriver.<init>(FirefoxDriver.java:95)
	at TestPurpose.NewTest.beforeTest(NewTest.java:18)
	at sun.reflect.NativeMethodAccessorImpl.invoke0(Native Method)
	at sun.reflect.NativeMethodAccessorImpl.invoke(NativeMethodAccessorImpl.java:62)
	at sun.reflect.DelegatingMethodAccessorImpl.invoke(DelegatingMethodAccessorImpl.java:43)
	at java.lang.reflect.Method.invoke(Method.java:498)
	at org.testng.internal.MethodInvocationHelper.invokeMethod(MethodInvocationHelper.java:80)
	at org.testng.internal.Invoker.invokeConfigurationMethod(Invoker.java:564)
	at org.testng.internal.Invoker.invokeConfigurations(Invoker.java:213)
	at org.testng.internal.Invoker.invokeConfigurations(Invoker.java:138)
	at org.testng.TestRunner.beforeRun(TestRunner.java:641)
	at org.testng.TestRunner.run(TestRunner.java:609)
	at org.testng.SuiteRunner.runTest(SuiteRunner.java:334)
	at org.testng.SuiteRunner.runSequentially(SuiteRunner.java:329)
	at org.testng.SuiteRunner.privateRun(SuiteRunner.java:291)
	at org.testng.SuiteRunner.run(SuiteRunner.java:240)
	at org.testng.SuiteRunnerWorker.runSuite(SuiteRunnerWorker.java:52)
	at org.testng.SuiteRunnerWorker.run(SuiteRunnerWorker.java:86)
	at org.testng.TestNG.runSuitesSequentially(TestNG.java:1198)
	at org.testng.TestNG.runSuitesLocally(TestNG.java:1123)
	at org.testng.TestNG.run(TestNG.java:1031)
	at org.testng.remote.AbstractRemoteTestNG.run(AbstractRemoteTestNG.java:114)
	at org.testng.remote.RemoteTestNG.initAndRun(RemoteTestNG.java:251)
	at org.testng.remote.RemoteTestNG.main(RemoteTestNG.java:77)
Caused by: org.openqa.selenium.firefox.NotConnectedException: Unable to connect to host 127.0.0.1 on port 7055 after 45000 ms. Firefox console output:
i	DEBUG	Registering manifest for C:\Program Files (x86)\Mozilla Firefox\browser\features\e10srollout@mozilla.org.xpi
1554200571562	addons.xpi	DEBUG	Loading bootstrap scope from C:\Program Files (x86)\Mozilla Firefox\browser\features\e10srollout@mozilla.org.xpi
1554200571596	addons.xpi	DEBUG	Calling bootstrap method startup on e10srollout@mozilla.org version 1.0
1554200571596	addons.xpi	DEBUG	Registering manifest for C:\Program Files (x86)\Mozilla Firefox\browser\features\firefox@getpocket.com.xpi
1554200571599	addons.xpi	DEBUG	Loading bootstrap scope from C:\Program Files (x86)\Mozilla Firefox\browser\features\firefox@getpocket.com.xpi
1554200571605	addons.xpi	DEBUG	Calling bootstrap method startup on firefox@getpocket.com version 1.0
1554200571617	addons.xpi-utils	DEBUG	Starting async load of XPI database C:\Users\KBPRAS~1\AppData\Local\Temp\anonymous2231228554768699818webdriver-profile\extensions.json
1554200571619	addons.xpi	DEBUG	Registering manifest for C:\Program Files (x86)\Mozilla Firefox\browser\features\loop@mozilla.org.xpi
1554200571653	addons.xpi	DEBUG	Loading bootstrap scope from C:\Program Files (x86)\Mozilla Firefox\browser\features\loop@mozilla.org.xpi
1554200571657	addons.xpi	DEBUG	Calling bootstrap method startup on loop@mozilla.org version 1.2.6
1554200571675	addons.manager	DEBUG	Registering shutdown blocker for XPIProvider
1554200571676	addons.manager	DEBUG	Provider finished startup: XPIProvider
1554200571676	addons.manager	DEBUG	Starting provider: LightweightThemeManager
1554200571676	addons.manager	DEBUG	Registering shutdown blocker for LightweightThemeManager
1554200571676	addons.manager	DEBUG	Provider finished startup: LightweightThemeManager
1554200571677	addons.manager	DEBUG	Starting provider: GMPProvider
1554200571682	addons.manager	DEBUG	Registering shutdown blocker for GMPProvider
1554200571682	addons.manager	DEBUG	Provider finished startup: GMPProvider
1554200571682	addons.manager	DEBUG	Starting provider: PluginProvider
1554200571682	addons.manager	DEBUG	Registering shutdown blocker for PluginProvider
1554200571683	addons.manager	DEBUG	Provider finished startup: PluginProvider
1554200571683	addons.manager	DEBUG	Completed startup sequence
1554200572198	addons.xpi-utils	DEBUG	Async JSON file read took 0 MS
1554200572199	addons.xpi-utils	DEBUG	Finished async read of XPI database, parsing...
1554200572200	addons.xpi-utils	DEBUG	Successfully read XPI database
1554200572207	addons.manager	DEBUG	Starting provider: <unnamed-provider>
1554200572207	addons.manager	DEBUG	Registering shutdown blocker for <unnamed-provider>
1554200572207	addons.manager	DEBUG	Provider finished startup: <unnamed-provider>
*** Blocklist::_loadBlocklistFromFile: blocklist is disabled
1554200572362	addons.manager	DEBUG	Starting provider: PreviousExperimentProvider
1554200572362	addons.manager	DEBUG	Registering shutdown blocker for PreviousExperimentProvider
1554200572362	addons.manager	DEBUG	Provider finished startup: PreviousExperimentProvider
1554200606818	addons.xpi	DEBUG	Calling bootstrap method shutdown on e10srollout@mozilla.org version 1.0
1554200606820	addons.xpi	DEBUG	Calling bootstrap method shutdown on firefox@getpocket.com version 1.0
1554200606822	addons.xpi	DEBUG	Calling bootstrap method shutdown on loop@mozilla.org version 1.2.6
1554200609934	addons.manager	DEBUG	shutdown
1554200609935	addons.manager	DEBUG	Calling shutdown blocker for XPIProvider
1554200609935	addons.xpi	DEBUG	shutdown
1554200609935	addons.xpi-utils	DEBUG	shutdown
1554200609936	addons.manager	DEBUG	Calling shutdown blocker for LightweightThemeManager
1554200609936	addons.manager	DEBUG	Calling shutdown blocker for GMPProvider
1554200609937	addons.manager	DEBUG	Calling shutdown blocker for PluginProvider
1554200609937	addons.manager	DEBUG	Calling shutdown blocker for <unnamed-provider>
1554200609938	addons.manager	DEBUG	Calling shutdown blocker for PreviousExperimentProvider
1554200609940	addons.xpi	DEBUG	Notifying XPI shutdown observers
1554200609943	addons.manager	DEBUG	Async provider shutdown done

	at org.openqa.selenium.firefox.internal.NewProfileExtensionConnection.start(NewProfileExtensionConnection.java:118)
	... 29 more
]]>
            </full-stacktrace>
          </exception> <!-- org.openqa.selenium.WebDriverException -->
          <reporter-output>
          </reporter-output>
        </test-method> <!-- beforeTest -->
        <test-method status="SKIP" signature="testEasy()[pri:0, instance:TestPurpose.NewTest@c038203]" name="testEasy" duration-ms="3" started-at="2019-04-02T15:53:40Z" finished-at="2019-04-02T15:53:40Z">
          <reporter-output>
          </reporter-output>
        </test-method> <!-- testEasy -->
        <test-method status="SKIP" signature="afterTest()[pri:0, instance:TestPurpose.NewTest@c038203]" name="afterTest" is-config="true" duration-ms="0" started-at="2019-04-02T15:53:40Z" finished-at="2019-04-02T15:53:40Z">
          <reporter-output>
          </reporter-output>
        </test-method> <!-- afterTest -->
      </class> <!-- TestPurpose.NewTest -->
    </test> <!-- Test -->
  </suite> <!-- Suite -->
</testng-results>
